[INFO] Scanning for projects...
[INFO] 
[INFO] -----------------< com.freelancenexus:payment-service >-----------------
[INFO] Building Payment Service 1.0.0
[INFO]   from pom.xml
[INFO] --------------------------------[ jar ]---------------------------------
[INFO] 
[INFO] --- clean:3.3.2:clean (default-clean) @ payment-service ---
[INFO] Deleting /workspaces/FREELANCER-PROJECT/payment-service/target
[INFO] 
[INFO] --- jacoco:0.8.11:prepare-agent (default) @ payment-service ---
[INFO] argLine set to -javaagent:/home/vscode/.m2/repository/org/jacoco/org.jacoco.agent/0.8.11/org.jacoco.agent-0.8.11-runtime.jar=destfile=/workspaces/FREELANCER-PROJECT/payment-service/target/jacoco.exec
[INFO] 
[INFO] --- resources:3.3.1:resources (default-resources) @ payment-service ---
[INFO] Copying 1 resource from src/main/resources to target/classes
[INFO] Copying 2 resources from src/main/resources to target/classes
[INFO] 
[INFO] --- compiler:3.11.0:compile (default-compile) @ payment-service ---
[INFO] Changes detected - recompiling the module! :source
[INFO] Compiling 17 source files with javac [debug release 17] to target/classes
[INFO] 
[INFO] --- resources:3.3.1:testResources (default-testResources) @ payment-service ---
[INFO] Copying 1 resource from src/test/resources to target/test-classes
[INFO] 
[INFO] --- compiler:3.11.0:testCompile (default-testCompile) @ payment-service ---
[INFO] Changes detected - recompiling the module! :dependency
[INFO] Compiling 4 source files with javac [debug release 17] to target/test-classes
[INFO] 
[INFO] --- surefire:3.1.2:test (default-test) @ payment-service ---
[INFO] Using auto detected provider org.apache.maven.surefire.junitplatform.JUnitPlatformProvider
[INFO] 
[INFO] -------------------------------------------------------
[INFO]  T E S T S
[INFO] -------------------------------------------------------
[INFO] Running com.freelancenexus.payment.service.PaymentServiceTest
OpenJDK 64-Bit Server VM warning: Sharing is only supported for boot loader classes because bootstrap classpath has been appended
10:21:22.873 [main] INFO com.freelancenexus.payment.service.PaymentService -- Initiating refund for payment: 1
10:21:22.901 [main] INFO com.freelancenexus.payment.service.PaymentService -- Payment refunded successfully: 1
10:21:23.039 [main] INFO com.freelancenexus.payment.service.PaymentService -- Initiating payment for project: null
10:21:23.064 [main] INFO com.freelancenexus.payment.service.PaymentService -- Verifying payment: TXN-1
10:21:23.134 [main] INFO com.freelancenexus.payment.service.PaymentService -- Payment completed event published for transaction: TXN-1
10:21:23.134 [main] INFO com.freelancenexus.payment.service.PaymentService -- Payment completed successfully: TXN-1
10:21:23.160 [main] INFO com.freelancenexus.payment.service.PaymentService -- Initiating payment for project: 1
10:21:23.165 [main] INFO com.freelancenexus.payment.service.PaymentService -- Payment initiated successfully with transaction ID: TXN-364176DE-A044-41E2-A047-54366A91DBBB
10:21:23.180 [main] INFO com.freelancenexus.payment.service.PaymentService -- Verifying payment: TXN-2
10:21:23.181 [main] WARN com.freelancenexus.payment.service.PaymentService -- Payment verification failed: TXN-2
10:21:23.188 [main] INFO com.freelancenexus.payment.service.PaymentService -- Initiating refund for payment: 2
[INFO] Tests run: 6, Failures: 0, Errors: 0, Skipped: 0, Time elapsed: 4.873 s -- in com.freelancenexus.payment.service.PaymentServiceTest
[INFO] Running com.freelancenexus.payment.service.UPIPaymentServiceTest
10:21:23.222 [main] INFO com.freelancenexus.payment.service.UPIPaymentService -- Generating UPI payment link for transaction: TXN124
10:21:23.227 [main] INFO com.freelancenexus.payment.service.UPIPaymentService -- UPI payment link generated for transaction: TXN124
10:21:23.227 [main] INFO com.freelancenexus.payment.service.UPIPaymentService -- Initiating UPI refund for transaction: TXN124
10:21:23.234 [main] INFO com.freelancenexus.payment.service.UPIPaymentService -- Generating UPI payment link for transaction: TXN123
10:21:23.235 [main] INFO com.freelancenexus.payment.service.UPIPaymentService -- UPI payment link generated for transaction: TXN123
10:21:23.237 [main] INFO com.freelancenexus.payment.service.UPIPaymentService -- Initiating UPI refund for transaction: TXN123
10:21:23.237 [main] INFO com.freelancenexus.payment.service.UPIPaymentService -- Refund successful for transaction: TXN123
10:21:23.243 [main] INFO com.freelancenexus.payment.service.UPIPaymentService -- Generating UPI payment link for transaction: TXN123
10:21:23.243 [main] INFO com.freelancenexus.payment.service.UPIPaymentService -- UPI payment link generated for transaction: TXN123
10:21:23.243 [main] INFO com.freelancenexus.payment.service.UPIPaymentService -- Verifying UPI payment for transaction: TXN123
10:21:23.243 [main] INFO com.freelancenexus.payment.service.UPIPaymentService -- UPI payment verification result for TXN123: SUCCESS
10:21:23.253 [main] INFO com.freelancenexus.payment.service.UPIPaymentService -- Verifying UPI payment for transaction: INVALID
10:21:23.253 [main] WARN com.freelancenexus.payment.service.UPIPaymentService -- UPI transaction not found: INVALID
10:21:23.258 [main] INFO com.freelancenexus.payment.service.UPIPaymentService -- Processing UPI payment callback
10:21:23.258 [main] INFO com.freelancenexus.payment.service.UPIPaymentService -- Callback processed for transaction: INVALID
10:21:23.265 [main] INFO com.freelancenexus.payment.service.UPIPaymentService -- Initiating UPI refund for transaction: INVALID
10:21:23.269 [main] INFO com.freelancenexus.payment.service.UPIPaymentService -- Generating UPI payment link for transaction: TXN123
10:21:23.269 [main] INFO com.freelancenexus.payment.service.UPIPaymentService -- UPI payment link generated for transaction: TXN123
10:21:23.277 [main] INFO com.freelancenexus.payment.service.UPIPaymentService -- Generating UPI payment link for transaction: TXN123
10:21:23.277 [main] INFO com.freelancenexus.payment.service.UPIPaymentService -- UPI payment link generated for transaction: TXN123
10:21:23.277 [main] INFO com.freelancenexus.payment.service.UPIPaymentService -- Processing UPI payment callback
10:21:23.278 [main] INFO com.freelancenexus.payment.service.UPIPaymentService -- Callback processed for transaction: TXN123
[INFO] Tests run: 9, Failures: 0, Errors: 0, Skipped: 0, Time elapsed: 0.067 s -- in com.freelancenexus.payment.service.UPIPaymentServiceTest
[INFO] Running com.freelancenexus.payment.controller.PaymentControllerTest
10:21:25.467 [main] INFO org.hibernate.validator.internal.util.Version -- HV000001: Hibernate Validator 8.0.1.Final
10:21:26.665 [main] INFO org.springframework.mock.web.MockServletContext -- Initializing Spring TestDispatcherServlet ''
10:21:26.665 [main] INFO org.springframework.test.web.servlet.TestDispatcherServlet -- Initializing Servlet ''
10:21:26.674 [main] INFO org.springframework.test.web.servlet.TestDispatcherServlet -- Completed initialization in 8 ms
10:21:27.107 [main] INFO org.springframework.mock.web.MockServletContext -- Initializing Spring TestDispatcherServlet ''
10:21:27.107 [main] INFO org.springframework.test.web.servlet.TestDispatcherServlet -- Initializing Servlet ''
10:21:27.107 [main] INFO org.springframework.test.web.servlet.TestDispatcherServlet -- Completed initialization in 0 ms
10:21:27.331 [main] INFO com.freelancenexus.payment.controller.PaymentController -- POST /api/payments/1/refund - Initiating refund
10:21:27.474 [main] INFO org.springframework.mock.web.MockServletContext -- Initializing Spring TestDispatcherServlet ''
10:21:27.474 [main] INFO org.springframework.test.web.servlet.TestDispatcherServlet -- Initializing Servlet ''
10:21:27.474 [main] INFO org.springframework.test.web.servlet.TestDispatcherServlet -- Completed initialization in 0 ms
10:21:27.476 [main] INFO com.freelancenexus.payment.controller.PaymentController -- GET /api/payments/1 - Fetching payment
10:21:27.545 [main] INFO org.springframework.mock.web.MockServletContext -- Initializing Spring TestDispatcherServlet ''
10:21:27.546 [main] INFO org.springframework.test.web.servlet.TestDispatcherServlet -- Initializing Servlet ''
10:21:27.546 [main] INFO org.springframework.test.web.servlet.TestDispatcherServlet -- Completed initialization in 0 ms
10:21:27.549 [main] INFO com.freelancenexus.payment.controller.PaymentController -- GET /api/payments/transaction/TXN123 - Fetching payment
10:21:27.593 [main] INFO org.springframework.mock.web.MockServletContext -- Initializing Spring TestDispatcherServlet ''
10:21:27.593 [main] INFO org.springframework.test.web.servlet.TestDispatcherServlet -- Initializing Servlet ''
10:21:27.595 [main] INFO org.springframework.test.web.servlet.TestDispatcherServlet -- Completed initialization in 1 ms
10:21:27.842 [main] INFO com.freelancenexus.payment.controller.PaymentController -- POST /api/payments/initiate - Initiating payment for project: 1
10:21:27.843 [main] ERROR com.freelancenexus.payment.controller.PaymentController -- Invalid payment request: Invalid request
10:21:27.885 [main] INFO org.springframework.mock.web.MockServletContext -- Initializing Spring TestDispatcherServlet ''
10:21:27.885 [main] INFO org.springframework.test.web.servlet.TestDispatcherServlet -- Initializing Servlet ''
10:21:27.885 [main] INFO org.springframework.test.web.servlet.TestDispatcherServlet -- Completed initialization in 0 ms
10:21:27.892 [main] INFO com.freelancenexus.payment.controller.PaymentController -- POST /api/payments/1/refund - Initiating refund
10:21:27.893 [main] ERROR com.freelancenexus.payment.controller.PaymentController -- Cannot refund payment: Cannot refund
10:21:27.923 [main] INFO org.springframework.mock.web.MockServletContext -- Initializing Spring TestDispatcherServlet ''
10:21:27.923 [main] INFO org.springframework.test.web.servlet.TestDispatcherServlet -- Initializing Servlet ''
10:21:27.923 [main] INFO org.springframework.test.web.servlet.TestDispatcherServlet -- Completed initialization in 0 ms
10:21:27.925 [main] INFO com.freelancenexus.payment.controller.PaymentController -- GET /api/payments/1 - Fetching payment
10:21:27.926 [main] ERROR com.freelancenexus.payment.controller.PaymentController -- Payment not found: 1
10:21:27.975 [main] INFO org.springframework.mock.web.MockServletContext -- Initializing Spring TestDispatcherServlet ''
10:21:27.975 [main] INFO org.springframework.test.web.servlet.TestDispatcherServlet -- Initializing Servlet ''
10:21:27.975 [main] INFO org.springframework.test.web.servlet.TestDispatcherServlet -- Completed initialization in 0 ms
10:21:27.979 [main] INFO com.freelancenexus.payment.controller.PaymentController -- GET /api/payments/history/2 - Fetching user transaction history
10:21:28.026 [main] INFO org.springframework.mock.web.MockServletContext -- Initializing Spring TestDispatcherServlet ''
10:21:28.026 [main] INFO org.springframework.test.web.servlet.TestDispatcherServlet -- Initializing Servlet ''
10:21:28.026 [main] INFO org.springframework.test.web.servlet.TestDispatcherServlet -- Completed initialization in 0 ms
10:21:28.059 [main] INFO com.freelancenexus.payment.controller.PaymentController -- POST /api/payments/initiate - Initiating payment for project: 1
10:21:28.096 [main] INFO org.springframework.mock.web.MockServletContext -- Initializing Spring TestDispatcherServlet ''
10:21:28.096 [main] INFO org.springframework.test.web.servlet.TestDispatcherServlet -- Initializing Servlet ''
10:21:28.096 [main] INFO org.springframework.test.web.servlet.TestDispatcherServlet -- Completed initialization in 0 ms
10:21:28.098 [main] INFO com.freelancenexus.payment.controller.PaymentController -- GET /api/payments/user/2 - Fetching user payment history
10:21:28.164 [main] INFO org.springframework.mock.web.MockServletContext -- Initializing Spring TestDispatcherServlet ''
10:21:28.164 [main] INFO org.springframework.test.web.servlet.TestDispatcherServlet -- Initializing Servlet ''
10:21:28.165 [main] INFO org.springframework.test.web.servlet.TestDispatcherServlet -- Completed initialization in 1 ms
10:21:28.167 [main] INFO com.freelancenexus.payment.controller.PaymentController -- GET /api/payments/transaction/TXN123 - Fetching payment
10:21:28.169 [main] ERROR com.freelancenexus.payment.controller.PaymentController -- Payment not found: TXN123
10:21:28.213 [main] INFO org.springframework.mock.web.MockServletContext -- Initializing Spring TestDispatcherServlet ''
10:21:28.213 [main] INFO org.springframework.test.web.servlet.TestDispatcherServlet -- Initializing Servlet ''
10:21:28.213 [main] INFO org.springframework.test.web.servlet.TestDispatcherServlet -- Completed initialization in 0 ms
10:21:28.217 [main] INFO com.freelancenexus.payment.controller.PaymentController -- GET /api/payments/project/1 - Fetching project payments
10:21:28.260 [main] INFO org.springframework.mock.web.MockServletContext -- Initializing Spring TestDispatcherServlet ''
10:21:28.260 [main] INFO org.springframework.test.web.servlet.TestDispatcherServlet -- Initializing Servlet ''
10:21:28.261 [main] INFO org.springframework.test.web.servlet.TestDispatcherServlet -- Completed initialization in 1 ms
10:21:28.262 [main] INFO com.freelancenexus.payment.controller.PaymentController -- GET /api/payments/1/history - Fetching transaction history
10:21:28.287 [main] INFO org.springframework.mock.web.MockServletContext -- Initializing Spring TestDispatcherServlet ''
10:21:28.287 [main] INFO org.springframework.test.web.servlet.TestDispatcherServlet -- Initializing Servlet ''
10:21:28.288 [main] INFO org.springframework.test.web.servlet.TestDispatcherServlet -- Completed initialization in 1 ms
10:21:28.292 [main] INFO com.freelancenexus.payment.controller.PaymentController -- POST /api/payments/verify - Verifying transaction: TXN123
[INFO] Tests run: 14, Failures: 0, Errors: 0, Skipped: 0, Time elapsed: 4.926 s -- in com.freelancenexus.payment.controller.PaymentControllerTest
[INFO] Running com.freelancenexus.payment_service.PaymentServiceApplicationTests
2025-11-13T10:21:33.196Z  WARN 7405 --- [payment-service] [           main] trationDelegate$BeanPostProcessorChecker : Bean 'org.springframework.cloud.client.loadbalancer.LoadBalancerAutoConfiguration$RetryInterceptorAutoConfiguration' of type [org.springframework.cloud.client.loadbalancer.LoadBalancerAutoConfiguration$RetryInterceptorAutoConfiguration] is not eligible for getting processed by all BeanPostProcessors (for example: not eligible for auto-proxying). The currently created BeanPostProcessor [lbRestClientPostProcessor] is declared through a non-static factory method on that class; consider declaring it as static instead.
2025-11-13T10:21:33.212Z  WARN 7405 --- [payment-service] [           main] trationDelegate$BeanPostProcessorChecker : Bean 'org.springframework.cloud.loadbalancer.config.BlockingLoadBalancerClientAutoConfiguration' of type [org.springframework.cloud.loadbalancer.config.BlockingLoadBalancerClientAutoConfiguration] is not eligible for getting processed by all BeanPostProcessors (for example: not eligible for auto-proxying). Is this bean getting eagerly injected into a currently created BeanPostProcessor [lbRestClientPostProcessor]? Check the corresponding BeanPostProcessor declaration and its dependencies.
2025-11-13T10:21:33.221Z  WARN 7405 --- [payment-service] [           main] trationDelegate$BeanPostProcessorChecker : Bean 'org.springframework.cloud.loadbalancer.config.LoadBalancerAutoConfiguration' of type [org.springframework.cloud.loadbalancer.config.LoadBalancerAutoConfiguration] is not eligible for getting processed by all BeanPostProcessors (for example: not eligible for auto-proxying). Is this bean getting eagerly injected into a currently created BeanPostProcessor [lbRestClientPostProcessor]? Check the corresponding BeanPostProcessor declaration and its dependencies.
2025-11-13T10:21:33.243Z  WARN 7405 --- [payment-service] [           main] trationDelegate$BeanPostProcessorChecker : Bean 'org.springframework.cloud.commons.config.CommonsConfigAutoConfiguration' of type [org.springframework.cloud.commons.config.CommonsConfigAutoConfiguration] is not eligible for getting processed by all BeanPostProcessors (for example: not eligible for auto-proxying). Is this bean getting eagerly injected into a currently created BeanPostProcessor [lbRestClientPostProcessor]? Check the corresponding BeanPostProcessor declaration and its dependencies.
2025-11-13T10:21:33.249Z  WARN 7405 --- [payment-service] [           main] trationDelegate$BeanPostProcessorChecker : Bean 'org.springframework.cloud.client.loadbalancer.LoadBalancerDefaultMappingsProviderAutoConfiguration' of type [org.springframework.cloud.client.loadbalancer.LoadBalancerDefaultMappingsProviderAutoConfiguration] is not eligible for getting processed by all BeanPostProcessors (for example: not eligible for auto-proxying). Is this bean getting eagerly injected into a currently created BeanPostProcessor [lbRestClientPostProcessor]? Check the corresponding BeanPostProcessor declaration and its dependencies.
2025-11-13T10:21:33.255Z  WARN 7405 --- [payment-service] [           main] trationDelegate$BeanPostProcessorChecker : Bean 'loadBalancerClientsDefaultsMappingsProvider' of type [org.springframework.cloud.client.loadbalancer.LoadBalancerDefaultMappingsProviderAutoConfiguration$$Lambda$1253/0x00007cc2147d7028] is not eligible for getting processed by all BeanPostProcessors (for example: not eligible for auto-proxying). Is this bean getting eagerly injected into a currently created BeanPostProcessor [lbRestClientPostProcessor]? Check the corresponding BeanPostProcessor declaration and its dependencies.
2025-11-13T10:21:33.266Z  WARN 7405 --- [payment-service] [           main] trationDelegate$BeanPostProcessorChecker : Bean 'defaultsBindHandlerAdvisor' of type [org.springframework.cloud.commons.config.DefaultsBindHandlerAdvisor] is not eligible for getting processed by all BeanPostProcessors (for example: not eligible for auto-proxying). Is this bean getting eagerly injected into a currently created BeanPostProcessor [lbRestClientPostProcessor]? Check the corresponding BeanPostProcessor declaration and its dependencies.
2025-11-13T10:21:33.282Z  WARN 7405 --- [payment-service] [           main] trationDelegate$BeanPostProcessorChecker : Bean 'spring.cloud.loadbalancer-org.springframework.cloud.client.loadbalancer.LoadBalancerClientsProperties' of type [org.springframework.cloud.client.loadbalancer.LoadBalancerClientsProperties] is not eligible for getting processed by all BeanPostProcessors (for example: not eligible for auto-proxying). Is this bean getting eagerly injected into a currently created BeanPostProcessor [lbRestClientPostProcessor]? Check the corresponding BeanPostProcessor declaration and its dependencies.
2025-11-13T10:21:33.302Z  WARN 7405 --- [payment-service] [           main] trationDelegate$BeanPostProcessorChecker : Bean 'default.org.springframework.cloud.loadbalancer.config.LoadBalancerAutoConfiguration.LoadBalancerClientSpecification' of type [org.springframework.cloud.loadbalancer.annotation.LoadBalancerClientSpecification] is not eligible for getting processed by all BeanPostProcessors (for example: not eligible for auto-proxying). Is this bean getting eagerly injected into a currently created BeanPostProcessor [lbRestClientPostProcessor]? Check the corresponding BeanPostProcessor declaration and its dependencies.
2025-11-13T10:21:33.306Z  WARN 7405 --- [payment-service] [           main] trationDelegate$BeanPostProcessorChecker : Bean 'default.org.springframework.cloud.loadbalancer.config.BlockingLoadBalancerClientAutoConfiguration.LoadBalancerClientSpecification' of type [org.springframework.cloud.loadbalancer.annotation.LoadBalancerClientSpecification] is not eligible for getting processed by all BeanPostProcessors (for example: not eligible for auto-proxying). Is this bean getting eagerly injected into a currently created BeanPostProcessor [lbRestClientPostProcessor]? Check the corresponding BeanPostProcessor declaration and its dependencies.
2025-11-13T10:21:33.308Z  WARN 7405 --- [payment-service] [           main] trationDelegate$BeanPostProcessorChecker : Bean 'loadBalancerClientFactory' of type [org.springframework.cloud.loadbalancer.support.LoadBalancerClientFactory] is not eligible for getting processed by all BeanPostProcessors (for example: not eligible for auto-proxying). Is this bean getting eagerly injected into a currently created BeanPostProcessor [lbRestClientPostProcessor]? Check the corresponding BeanPostProcessor declaration and its dependencies.
2025-11-13T10:21:33.326Z  WARN 7405 --- [payment-service] [           main] trationDelegate$BeanPostProcessorChecker : Bean 'blockingLoadBalancerClient' of type [org.springframework.cloud.loadbalancer.blocking.client.BlockingLoadBalancerClient] is not eligible for getting processed by all BeanPostProcessors (for example: not eligible for auto-proxying). Is this bean getting eagerly injected into a currently created BeanPostProcessor [lbRestClientPostProcessor]? Check the corresponding BeanPostProcessor declaration and its dependencies.
2025-11-13T10:21:33.350Z  WARN 7405 --- [payment-service] [           main] trationDelegate$BeanPostProcessorChecker : Bean 'loadBalancerServiceInstanceCookieTransformer' of type [org.springframework.cloud.loadbalancer.core.LoadBalancerServiceInstanceCookieTransformer] is not eligible for getting processed by all BeanPostProcessors (for example: not eligible for auto-proxying). Is this bean getting eagerly injected into a currently created BeanPostProcessor [lbRestClientPostProcessor]? Check the corresponding BeanPostProcessor declaration and its dependencies.
2025-11-13T10:21:33.354Z  WARN 7405 --- [payment-service] [           main] trationDelegate$BeanPostProcessorChecker : Bean 'xForwarderHeadersTransformer' of type [org.springframework.cloud.loadbalancer.blocking.XForwardedHeadersTransformer] is not eligible for getting processed by all BeanPostProcessors (for example: not eligible for auto-proxying). Is this bean getting eagerly injected into a currently created BeanPostProcessor [lbRestClientPostProcessor]? Check the corresponding BeanPostProcessor declaration and its dependencies.
2025-11-13T10:21:33.357Z  WARN 7405 --- [payment-service] [           main] trationDelegate$BeanPostProcessorChecker : Bean 'org.springframework.cloud.client.loadbalancer.LoadBalancerAutoConfiguration' of type [org.springframework.cloud.client.loadbalancer.LoadBalancerAutoConfiguration] is not eligible for getting processed by all BeanPostProcessors (for example: not eligible for auto-proxying). Is this bean getting eagerly injected into a currently created BeanPostProcessor [lbRestClientPostProcessor]? Check the corresponding BeanPostProcessor declaration and its dependencies.
2025-11-13T10:21:33.365Z  WARN 7405 --- [payment-service] [           main] trationDelegate$BeanPostProcessorChecker : Bean 'loadBalancerRequestFactory' of type [org.springframework.cloud.client.loadbalancer.LoadBalancerRequestFactory] is not eligible for getting processed by all BeanPostProcessors (for example: not eligible for auto-proxying). Is this bean getting eagerly injected into a currently created BeanPostProcessor [lbRestClientPostProcessor]? Check the corresponding BeanPostProcessor declaration and its dependencies.
2025-11-13T10:21:33.373Z  WARN 7405 --- [payment-service] [           main] trationDelegate$BeanPostProcessorChecker : Bean 'org.springframework.cloud.loadbalancer.config.BlockingLoadBalancerClientAutoConfiguration$BlockingLoadBalancerRetryConfig' of type [org.springframework.cloud.loadbalancer.config.BlockingLoadBalancerClientAutoConfiguration$BlockingLoadBalancerRetryConfig$$SpringCGLIB$$0] is not eligible for getting processed by all BeanPostProcessors (for example: not eligible for auto-proxying). Is this bean getting eagerly injected into a currently created BeanPostProcessor [lbRestClientPostProcessor]? Check the corresponding BeanPostProcessor declaration and its dependencies.
2025-11-13T10:21:33.382Z  WARN 7405 --- [payment-service] [           main] trationDelegate$BeanPostProcessorChecker : Bean 'loadBalancedRetryFactory' of type [org.springframework.cloud.loadbalancer.blocking.retry.BlockingLoadBalancedRetryFactory] is not eligible for getting processed by all BeanPostProcessors (for example: not eligible for auto-proxying). Is this bean getting eagerly injected into a currently created BeanPostProcessor [lbRestClientPostProcessor]? Check the corresponding BeanPostProcessor declaration and its dependencies.
2025-11-13T10:21:33.392Z  WARN 7405 --- [payment-service] [           main] trationDelegate$BeanPostProcessorChecker : Bean 'loadBalancerInterceptor' of type [org.springframework.cloud.client.loadbalancer.RetryLoadBalancerInterceptor] is not eligible for getting processed by all BeanPostProcessors (for example: not eligible for auto-proxying). Is this bean getting eagerly injected into a currently created BeanPostProcessor [lbRestClientPostProcessor]? Check the corresponding BeanPostProcessor declaration and its dependencies.
2025-11-13T10:21:34.895Z  WARN 7405 --- [payment-service] [           main] org.hibernate.orm.deprecation            : HHH90000025: H2Dialect does not need to be specified explicitly using 'hibernate.dialect' (remove the property setting and it will be selected by default)
2025-11-13T10:21:41.056Z  WARN 7405 --- [payment-service] [           main] iguration$LoadBalancerCaffeineWarnLogger : Spring Cloud LoadBalancer is currently working with the default cache. While this cache implementation is useful for development and tests, it's recommended to use Caffeine cache in production.You can switch to using Caffeine cache, by adding it and org.springframework.cache.caffeine.CaffeineCacheManager to the classpath.
[INFO] Tests run: 1, Failures: 0, Errors: 0, Skipped: 0, Time elapsed: 13.00 s -- in com.freelancenexus.payment_service.PaymentServiceApplicationTests
[INFO] 
[INFO] Results:
[INFO] 
[INFO] Tests run: 30, Failures: 0, Errors: 0, Skipped: 0
[INFO] 
[INFO] 
[INFO] --- jacoco:0.8.11:report (report) @ payment-service ---
[INFO] Loading execution data file /workspaces/FREELANCER-PROJECT/payment-service/target/jacoco.exec
[INFO] Analyzed bundle 'Payment Service' with 25 classes
[INFO] 
[INFO] --- jar:3.3.0:jar (default-jar) @ payment-service ---
[INFO] Building jar: /workspaces/FREELANCER-PROJECT/payment-service/target/payment-service-1.0.0.jar
[INFO] 
[INFO] --- spring-boot:3.2.0:repackage (repackage) @ payment-service ---
[INFO] Replacing main artifact /workspaces/FREELANCER-PROJECT/payment-service/target/payment-service-1.0.0.jar with repackaged archive, adding nested dependencies in BOOT-INF/.
[INFO] The original artifact has been renamed to /workspaces/FREELANCER-PROJECT/payment-service/target/payment-service-1.0.0.jar.original
[INFO] ------------------------------------------------------------------------
[INFO] BUILD SUCCESS
[INFO] ------------------------------------------------------------------------
[INFO] Total time:  35.126 s
[INFO] Finished at: 2025-11-13T10:21:43Z
[INFO] ------------------------------------------------------------------------
